<?xml version="1.0" encoding="UTF-8"?>
<!-- Generated by org.testng.reporters.JUnitReportReporter -->
<testsuite hostname="DESKTOP-UC5TO5S" failures="0" tests="4" name="assessmentpackage.TC_01Test" time="64.342" errors="0" timestamp="2020-11-23T20:28:18 IST" skipped="0">
  <testcase classname="assessmentpackage.TC_01Test" name="validate_search_button" time="21.190"/>
  <system-out/>
  <testcase classname="assessmentpackage.TC_01Test" name="validate_cart" time="34.380"/>
  <system-out/>
  <testcase classname="assessmentpackage.TC_01Test" name="validate_removeitems" time="3.351"/>
  <system-out/>
  <testcase classname="assessmentpackage.TC_01Test" name="validate_chkout" time="5.421"/>
  <system-out/>
</testsuite> <!-- assessmentpackage.TC_01Test -->
