<?xml version="1.0" encoding="UTF-8"?>
<!-- Generated by org.testng.reporters.JUnitReportReporter -->
<testsuite hostname="DESKTOP-UC5TO5S" failures="0" tests="4" name="assessmentpackage.TC_01Test" time="65.500" errors="0" timestamp="2020-11-23T14:55:30 IST" skipped="0">
  <testcase classname="assessmentpackage.TC_01Test" name="validate_search_button" time="20.777"/>
  <system-out/>
  <testcase classname="assessmentpackage.TC_01Test" name="validate_cart" time="36.050"/>
  <system-out/>
  <testcase classname="assessmentpackage.TC_01Test" name="validate_removeitems" time="3.532"/>
  <system-out/>
  <testcase classname="assessmentpackage.TC_01Test" name="validate_chkout" time="5.141"/>
  <system-out/>
</testsuite> <!-- assessmentpackage.TC_01Test -->
